<?xml version="1.0" encoding="UTF-8"?>
<!-- Generated by org.testng.reporters.JUnitReportReporter -->
<testsuite hostname="pyPC" failures="0" tests="1" name="NewTest" time="14.633" errors="0" timestamp="2022-10-30T14:17:22 IST" skipped="0">
  <testcase classname="NewTest" name="t1" time="14.633"/>
  <system-out/>
</testsuite> <!-- NewTest -->
